d:\documents\workspace\combatlog-vod-split\combatlog-vod-split\x64\debug\vc143.pdb
d:\documents\workspace\combatlog-vod-split\combatlog-vod-split\x64\debug\vc143.idb
d:\documents\workspace\combatlog-vod-split\combatlog-vod-split\x64\debug\file_handling.obj
d:\documents\workspace\combatlog-vod-split\combatlog-vod-split\x64\debug\ffmpeg.obj
d:\documents\workspace\combatlog-vod-split\combatlog-vod-split\x64\debug\encounters.obj
d:\documents\workspace\combatlog-vod-split\combatlog-vod-split\x64\debug\combatlog-vod-split.obj
d:\documents\workspace\combatlog-vod-split\combatlog-vod-split\x64\debug\video_file.obj
d:\documents\workspace\combatlog-vod-split\combatlog-vod-split\x64\debug\combatlog-vod-split.ilk
d:\documents\workspace\combatlog-vod-split\combatlog-vod-split\x64\debug\combatlog-vod-split.obj.enc
d:\documents\workspace\combatlog-vod-split\\bin\combatlog-vod-split.pdb
d:\documents\workspace\combatlog-vod-split\combatlog-vod-split\x64\debug\combatlo.137f7b1b.tlog\cl.command.1.tlog
d:\documents\workspace\combatlog-vod-split\combatlog-vod-split\x64\debug\combatlo.137f7b1b.tlog\cl.items.tlog
d:\documents\workspace\combatlog-vod-split\combatlog-vod-split\x64\debug\combatlo.137f7b1b.tlog\cl.read.1.tlog
d:\documents\workspace\combatlog-vod-split\combatlog-vod-split\x64\debug\combatlo.137f7b1b.tlog\cl.write.1.tlog
d:\documents\workspace\combatlog-vod-split\combatlog-vod-split\x64\debug\combatlo.137f7b1b.tlog\link.15160-cvtres.read.1.tlog
d:\documents\workspace\combatlog-vod-split\combatlog-vod-split\x64\debug\combatlo.137f7b1b.tlog\link.15160-cvtres.write.1.tlog
d:\documents\workspace\combatlog-vod-split\combatlog-vod-split\x64\debug\combatlo.137f7b1b.tlog\link.15160-rc.read.1.tlog
d:\documents\workspace\combatlog-vod-split\combatlog-vod-split\x64\debug\combatlo.137f7b1b.tlog\link.15160-rc.write.1.tlog
d:\documents\workspace\combatlog-vod-split\combatlog-vod-split\x64\debug\combatlo.137f7b1b.tlog\link.15160.read.1.tlog
d:\documents\workspace\combatlog-vod-split\combatlog-vod-split\x64\debug\combatlo.137f7b1b.tlog\link.15160.read.2.tlog
d:\documents\workspace\combatlog-vod-split\combatlog-vod-split\x64\debug\combatlo.137f7b1b.tlog\link.15160.read.3.tlog
d:\documents\workspace\combatlog-vod-split\combatlog-vod-split\x64\debug\combatlo.137f7b1b.tlog\link.15160.read.4.tlog
d:\documents\workspace\combatlog-vod-split\combatlog-vod-split\x64\debug\combatlo.137f7b1b.tlog\link.15160.read.5.tlog
d:\documents\workspace\combatlog-vod-split\combatlog-vod-split\x64\debug\combatlo.137f7b1b.tlog\link.15160.read.6.tlog
d:\documents\workspace\combatlog-vod-split\combatlog-vod-split\x64\debug\combatlo.137f7b1b.tlog\link.15160.write.1.tlog
d:\documents\workspace\combatlog-vod-split\combatlog-vod-split\x64\debug\combatlo.137f7b1b.tlog\link.command.1.tlog
d:\documents\workspace\combatlog-vod-split\combatlog-vod-split\x64\debug\combatlo.137f7b1b.tlog\link.read.1.tlog
d:\documents\workspace\combatlog-vod-split\combatlog-vod-split\x64\debug\combatlo.137f7b1b.tlog\link.secondary.1.tlog
d:\documents\workspace\combatlog-vod-split\combatlog-vod-split\x64\debug\combatlo.137f7b1b.tlog\link.write.1.tlog
